2026-06-07T13:49:08.057Z vite:config config file loaded in 166.76ms
2026-06-07T13:49:08.065Z vite:env loading env files: [
  'C:/Users/Shekhani Laptops/Desktop/project image/.env',
  'C:/Users/Shekhani Laptops/Desktop/project image/.env.local',
  'C:/Users/Shekhani Laptops/Desktop/project image/.env.production',
  'C:/Users/Shekhani Laptops/Desktop/project image/.env.production.local'
]
2026-06-07T13:49:08.066Z vite:env env files loaded in 1.27ms
2026-06-07T13:49:08.069Z vite:env using resolved env: {}
2026-06-07T13:49:08.300Z vite:config using resolved config: {
  plugins: [
    'vite:build-metadata',
    'vite:watch-package-data',
    'alias',
    'vite:react-babel',
    'vite:react-refresh',
    'vite:modulepreload-polyfill',
    'vite:resolve',
    'vite:html-inline-proxy',
    'vite:css',
    'vite:esbuild',
    'vite:json',
    'vite:wasm-helper',
    'vite:worker',
    'vite:asset',
    'vite:wasm-fallback',
    'vite:define',
    'vite:css-post',
    'vite:build-html',
    'vite:worker-import-meta-url',
    'vite:asset-import-meta-url',
    'vite:force-systemjs-wrap-complete',
    'commonjs',
    'vite:data-uri',
    'vite:rollup-options-plugins',
    'vite:dynamic-import-vars',
    'vite:import-glob',
    'vite:build-import-analysis',
    'vite:esbuild-transpile',
    'vite:terser',
    'vite:manifest',
    'vite:ssr-manifest',
    'vite:reporter',
    'vite:load-fallback'
  ],
  build: {
    target: [ 'es2020', 'edge88', 'firefox78', 'chrome87', 'safari14' ],
    polyfillModulePreload: true,
    modulePreload: { polyfill: true },
    outDir: 'dist',
    assetsDir: 'assets',
    assetsInlineLimit: 4096,
    sourcemap: false,
    terserOptions: {},
    rollupOptions: { onwarn: [Function: onwarn] },
    commonjsOptions: { include: [ /node_modules/ ], extensions: [ '.js', '.cjs' ] },
    dynamicImportVarsOptions: { warnOnError: true, exclude: [ /node_modules/ ] },
    write: true,
    emptyOutDir: null,
    copyPublicDir: true,
    manifest: false,
    lib: false,
    ssrManifest: false,
    ssrEmitAssets: false,
    reportCompressedSize: true,
    chunkSizeWarningLimit: 500,
    watch: null,
    cssCodeSplit: true,
    minify: 'esbuild',
    ssr: false,
    emitAssets: true,
    createEnvironment: [Function: createEnvironment],
    cssTarget: [ 'es2020', 'edge88', 'firefox78', 'chrome87', 'safari14' ],
    cssMinify: true
  },
  esbuild: { jsxDev: false, jsx: 'automatic', jsxImportSource: undefined },
  optimizeDeps: {
    include: [
      'react',
      'react-dom',
      'react/jsx-dev-runtime',
      'react/jsx-runtime'
    ],
    exclude: [],
    needsInterop: [],
    extensions: [],
    disabled: undefined,
    holdUntilCrawlEnd: true,
    force: false,
    noDiscovery: false,
    esbuildOptions: { preserveSymlinks: false, jsx: 'automatic' }
  },
  resolve: {
    externalConditions: [ 'node' ],
    extensions: [
      '.mjs',  '.js',
      '.mts',  '.ts',
      '.jsx',  '.tsx',
      '.json'
    ],
    dedupe: [ 'react', 'react-dom' ],
    noExternal: [],
    external: [],
    preserveSymlinks: false,
    alias: [
      {
        find: /^\/?@vite\/env/,
        replacement: '/@fs/C:/Users/Shekhani Laptops/Desktop/project image/node_modules/vite/dist/client/env.mjs'
      },
      {
        find: /^\/?@vite\/client/,
        replacement: '/@fs/C:/Users/Shekhani Laptops/Desktop/project image/node_modules/vite/dist/client/client.mjs'
      }
    ],
    mainFields: [ 'browser', 'module', 'jsnext:main', 'jsnext' ],
    conditions: [ 'module', 'browser', 'development|production' ],
    builtins: []
  },
  environments: {
    client: {
      define: undefined,
      resolve: {
        externalConditions: [ 'node' ],
        extensions: [
          '.mjs',  '.js',
          '.mts',  '.ts',
          '.jsx',  '.tsx',
          '.json'
        ],
        dedupe: [ 'react', 'react-dom' ],
        noExternal: [],
        external: [],
        preserveSymlinks: false,
        alias: [
          {
            find: /^\/?@vite\/env/,
            replacement: '/@fs/C:/Users/Shekhani Laptops/Desktop/project image/node_modules/vite/dist/client/env.mjs'
          },
          {
            find: /^\/?@vite\/client/,
            replacement: '/@fs/C:/Users/Shekhani Laptops/Desktop/project image/node_modules/vite/dist/client/client.mjs'
          }
        ],
        mainFields: [ 'browser', 'module', 'jsnext:main', 'jsnext' ],
        conditions: [ 'module', 'browser', 'development|production' ],
        builtins: []
      },
      keepProcessEnv: false,
      consumer: 'client',
      optimizeDeps: {
        include: [
          'react',
          'react-dom',
          'react/jsx-dev-runtime',
          'react/jsx-runtime'
        ],
        exclude: [],
        needsInterop: [],
        extensions: [],
        disabled: undefined,
        holdUntilCrawlEnd: true,
        force: false,
        noDiscovery: false,
        esbuildOptions: { preserveSymlinks: false, jsx: 'automatic' }
      },
      dev: {
        warmup: [],
        sourcemap: { js: true },
        sourcemapIgnoreList: [Function: isInNodeModules$1],
        preTransformRequests: true,
        createEnvironment: [Function: defaultCreateClientDevEnvironment],
        recoverable: true,
        moduleRunnerTransform: false
      },
      build: {
        target: [ 'es2020', 'edge88', 'firefox78', 'chrome87', 'safari14' ],
        polyfillModulePreload: true,
        modulePreload: { polyfill: true },
        outDir: 'dist',
        assetsDir: 'assets',
        assetsInlineLimit: 4096,
        sourcemap: false,
        terserOptions: {},
        rollupOptions: { onwarn: [Function: onwarn] },
        commonjsOptions: { include: [ /node_modules/ ], extensions: [ '.js', '.cjs' ] },
        dynamicImportVarsOptions: { warnOnError: true, exclude: [ /node_modules/ ] },
        write: true,
        emptyOutDir: null,
        copyPublicDir: true,
        manifest: false,
        lib: false,
        ssrManifest: false,
        ssrEmitAssets: false,
        reportCompressedSize: true,
        chunkSizeWarningLimit: 500,
        watch: null,
        cssCodeSplit: true,
        minify: 'esbuild',
        ssr: false,
        emitAssets: true,
        createEnvironment: [Function: createEnvironment],
        cssTarget: [ 'es2020', 'edge88', 'firefox78', 'chrome87', 'safari14' ],
        cssMinify: true
      }
    }
  },
  configFile: 'C:/Users/Shekhani Laptops/Desktop/project image/vite.config.js',
  configFileDependencies: [ 'C:/Users/Shekhani Laptops/Desktop/project image/vite.config.js' ],
  inlineConfig: {
    root: undefined,
    base: undefined,
    mode: undefined,
    configFile: undefined,
    configLoader: undefined,
    logLevel: undefined,
    clearScreen: undefined,
    build: {}
  },
  root: 'C:/Users/Shekhani Laptops/Desktop/project image',
  base: '/',
  decodedBase: '/',
  rawBase: '/',
  publicDir: 'C:/Users/Shekhani Laptops/Desktop/project image/public',
  cacheDir: 'C:/Users/Shekhani Laptops/Desktop/project image/node_modules/.vite',
  command: 'build',
  mode: 'production',
  isWorker: false,
  mainConfig: null,
  bundleChain: [],
  isProduction: true,
  css: {
    transformer: 'postcss',
    preprocessorMaxWorkers: 0,
    devSourcemap: false
  },
  json: { namedExports: true, stringify: 'auto' },
  server: {
    port: 5173,
    strictPort: false,
    host: undefined,
    allowedHosts: [],
    https: undefined,
    open: false,
    proxy: undefined,
    cors: {
      origin: /^https?:\/\/(?:(?:[^:]+\.)?localhost|127\.0\.0\.1|\[::1\])(?::\d+)?$/
    },
    headers: {},
    warmup: { clientFiles: [], ssrFiles: [] },
    middlewareMode: false,
    fs: {
      strict: true,
      deny: [ '.env', '.env.*', '*.{crt,pem}', '**/.git/**' ],
      allow: [ 'C:/Users/Shekhani Laptops/Desktop/project image' ]
    },
    preTransformRequests: true,
    perEnvironmentStartEndDuringDev: false,
    sourcemapIgnoreList: [Function: isInNodeModules$1]
  },
  builder: undefined,
  preview: {
    port: 4173,
    strictPort: false,
    host: undefined,
    allowedHosts: [],
    https: undefined,
    open: false,
    proxy: undefined,
    cors: {
      origin: /^https?:\/\/(?:(?:[^:]+\.)?localhost|127\.0\.0\.1|\[::1\])(?::\d+)?$/
    },
    headers: {}
  },
  envDir: 'C:/Users/Shekhani Laptops/Desktop/project image',
  env: { BASE_URL: '/', MODE: 'production', DEV: false, PROD: true },
  assetsInclude: [Function: assetsInclude],
  logger: {
    hasWarned: false,
    info: [Function: info],
    warn: [Function: warn],
    warnOnce: [Function: warnOnce],
    error: [Function: error],
    clearScreen: [Function: clearScreen],
    hasErrorLogged: [Function: hasErrorLogged]
  },
  packageCache: Map(1) {
    'fnpd_C:/Users/Shekhani Laptops/Desktop/project image' => {
      dir: 'C:/Users/Shekhani Laptops/Desktop/project image',
      data: {
        name: 'imagify',
        private: true,
        version: '0.0.0',
        type: 'module',
        scripts: {
          dev: 'vite',
          'start:server': 'node server/server.js',
          build: 'vite build',
          lint: 'eslint .',
          preview: 'vite preview'
        },
        dependencies: {
          axios: '^1.7.9',
          react: '^18.3.1',
          'react-dom': '^18.3.1',
          'react-router-dom': '^6.28.0',
          motion: '^11.15.0',
          mongodb: '^5.6.0',
          express: '^4.18.3',
          dotenv: '^16.4.3',
          cors: '^2.8.5',
          mongoose: '^7.7.1',
          bcryptjs: '^2.4.3',
          jsonwebtoken: '^9.0.2'
        },
        devDependencies: {
          '@eslint/js': '^9.15.0',
          '@types/react': '^18.3.12',
          '@types/react-dom': '^18.3.1',
          '@vitejs/plugin-react': '^4.3.4',
          eslint: '^9.15.0',
          'eslint-plugin-react': '^7.37.2',
          'eslint-plugin-react-hooks': '^5.0.0',
          'eslint-plugin-react-refresh': '^0.4.14',
          globals: '^15.12.0',
          vite: '^6.0.1'
        }
      },
      hasSideEffects: [Function: hasSideEffects],
      setResolvedCache: [Function: setResolvedCache],
      getResolvedCache: [Function: getResolvedCache]
    },
    set: [Function (anonymous)]
  },
  worker: { format: 'iife', plugins: '() => plugins', rollupOptions: {} },
  appType: 'spa',
  experimental: { importGlobRestoreExtension: false, hmrPartialAccept: false },
  future: undefined,
  ssr: {
    target: 'node',
    optimizeDeps: { esbuildOptions: { preserveSymlinks: false } },
    resolve: { conditions: undefined, externalConditions: undefined }
  },
  dev: {
    warmup: [],
    sourcemap: { js: true },
    sourcemapIgnoreList: [Function: isInNodeModules$1],
    preTransformRequests: false,
    createEnvironment: [Function: defaultCreateDevEnvironment],
    recoverable: false,
    moduleRunnerTransform: false
  },
  webSocketToken: 's3EEziCLNIPn',
  getSortedPlugins: [Function: getSortedPlugins],
  getSortedPluginHooks: [Function: getSortedPluginHooks],
  createResolver: [Function: createResolver],
  fsDenyGlob: [Function: arrayMatcher],
  safeModulePaths: Set(0) {},
  additionalAllowedHosts: [],
  Symbol(vite:resolved-config): true
}
[36mvite v6.4.3 [32mbuilding for production...[36m[39m
transforming...
[32m✓[39m 96 modules transformed.
[31m✗[39m Build failed in 1.61s
[31merror during build:
[31msrc/pages/Home.jsx (3:7): "default" is not exported by "src/components/Steps.jsx", imported by "src/pages/Home.jsx".[31m
file: [36mC:/Users/Shekhani Laptops/Desktop/project image/src/pages/Home.jsx:3:7[31m
[33m
1: import React from 'react'
2: import Header from '../components/Header'
3: import Steps from '../components/Steps'
          ^
4: import Description from '../components/Description'
5: import Testimonials from '../components/Testimonials'
[31m
    at getRollupError (file:///C:/Users/Shekhani%20Laptops/Desktop/project%20image/node_modules/rollup/dist/es/shared/parseAst.js:317:41)
    at error (file:///C:/Users/Shekhani%20Laptops/Desktop/project%20image/node_modules/rollup/dist/es/shared/parseAst.js:313:42)
    at Module.error (file:///C:/Users/Shekhani%20Laptops/Desktop/project%20image/node_modules/rollup/dist/es/shared/node-entry.js:17391:16)
    at Module.traceVariable (file:///C:/Users/Shekhani%20Laptops/Desktop/project%20image/node_modules/rollup/dist/es/shared/node-entry.js:17824:29)
    at ModuleScope.findVariable (file:///C:/Users/Shekhani%20Laptops/Desktop/project%20image/node_modules/rollup/dist/es/shared/node-entry.js:15414:39)
    at ReturnValueScope.findVariable (file:///C:/Users/Shekhani%20Laptops/Desktop/project%20image/node_modules/rollup/dist/es/shared/node-entry.js:5682:38)
    at FunctionBodyScope.findVariable (file:///C:/Users/Shekhani%20Laptops/Desktop/project%20image/node_modules/rollup/dist/es/shared/node-entry.js:5682:38)
    at Identifier.bind (file:///C:/Users/Shekhani%20Laptops/Desktop/project%20image/node_modules/rollup/dist/es/shared/node-entry.js:5449:40)
    at CallExpression.bind (file:///C:/Users/Shekhani%20Laptops/Desktop/project%20image/node_modules/rollup/dist/es/shared/node-entry.js:2827:28)
    at CallExpression.bind (file:///C:/Users/Shekhani%20Laptops/Desktop/project%20image/node_modules/rollup/dist/es/shared/node-entry.js:12523:15)[39m
